<?xml version="1.0" encoding="UTF-8"?>
<testng-results ignored="0" total="3" passed="2" failed="1" skipped="0">
  <reporter-output>
  </reporter-output>
  <suite started-at="2023-09-17T08:22:36 IST" name="Default suite" finished-at="2023-09-17T08:22:51 IST" duration-ms="14842">
    <groups>
    </groups>
    <test started-at="2023-09-17T08:22:36 IST" name="Default test" finished-at="2023-09-17T08:22:51 IST" duration-ms="14842">
      <class name="Module1_Test.Adactin_TestClass">
        <test-method is-config="true" signature="OpenBrowser()[pri:0, instance:Module1_Test.Adactin_TestClass@7fa98a66]" started-at="2023-09-17T08:22:36 IST" name="OpenBrowser" finished-at="2023-09-17T08:22:41 IST" duration-ms="4666" status="PASS">
          <reporter-output>
          </reporter-output>
        </test-method> <!-- OpenBrowser -->
        <test-method is-config="true" signature="LoginToAPP()[pri:0, instance:Module1_Test.Adactin_TestClass@7fa98a66]" started-at="2023-09-17T08:22:41 IST" name="LoginToAPP" finished-at="2023-09-17T08:22:41 IST" duration-ms="629" status="PASS">
          <reporter-output>
          </reporter-output>
        </test-method> <!-- LoginToAPP -->
        <test-method signature="VerifyUserName()[pri:1, instance:Module1_Test.Adactin_TestClass@7fa98a66]" started-at="2023-09-17T08:22:41 IST" name="VerifyUserName" finished-at="2023-09-17T08:22:43 IST" duration-ms="2007" status="FAIL">
          <exception class="java.lang.AssertionError">
            <message>
              <![CDATA[expected [Velocity] but found [Velocity!]]]>
            </message>
            <full-stacktrace>
              <![CDATA[java.lang.AssertionError: expected [Velocity] but found [Velocity!]
at org.testng.Assert.fail(Assert.java:99)
at org.testng.Assert.failNotEquals(Assert.java:1037)
at org.testng.Assert.assertEqualsImpl(Assert.java:140)
at org.testng.Assert.assertEquals(Assert.java:122)
at org.testng.Assert.assertEquals(Assert.java:629)
at org.testng.Assert.assertEquals(Assert.java:639)
at Module1_Test.Adactin_TestClass.VerifyUserName(Adactin_TestClass.java:55)
at java.base/jdk.internal.reflect.DirectMethodHandleAccessor.invoke(DirectMethodHandleAccessor.java:104)
at java.base/java.lang.reflect.Method.invoke(Method.java:577)
at org.testng.internal.MethodInvocationHelper.invokeMethod(MethodInvocationHelper.java:133)
at org.testng.internal.TestInvoker.invokeMethod(TestInvoker.java:598)
at org.testng.internal.TestInvoker.invokeTestMethod(TestInvoker.java:173)
at org.testng.internal.MethodRunner.runInSequence(MethodRunner.java:46)
at org.testng.internal.TestInvoker$MethodInvocationAgent.invoke(TestInvoker.java:824)
at org.testng.internal.TestInvoker.invokeTestMethods(TestInvoker.java:146)
at org.testng.internal.TestMethodWorker.invokeTestMethods(TestMethodWorker.java:146)
at org.testng.internal.TestMethodWorker.run(TestMethodWorker.java:128)
at java.base/java.util.ArrayList.forEach(ArrayList.java:1511)
at org.testng.TestRunner.privateRun(TestRunner.java:794)
at org.testng.TestRunner.run(TestRunner.java:596)
at org.testng.SuiteRunner.runTest(SuiteRunner.java:377)
at org.testng.SuiteRunner.runSequentially(SuiteRunner.java:371)
at org.testng.SuiteRunner.privateRun(SuiteRunner.java:332)
at org.testng.SuiteRunner.run(SuiteRunner.java:276)
at org.testng.SuiteRunnerWorker.runSuite(SuiteRunnerWorker.java:53)
at org.testng.SuiteRunnerWorker.run(SuiteRunnerWorker.java:96)
at org.testng.TestNG.runSuitesSequentially(TestNG.java:1212)
at org.testng.TestNG.runSuitesLocally(TestNG.java:1134)
at org.testng.TestNG.runSuites(TestNG.java:1063)
at org.testng.TestNG.run(TestNG.java:1031)
at org.testng.remote.AbstractRemoteTestNG.run(AbstractRemoteTestNG.java:115)
at org.testng.remote.RemoteTestNG.initAndRun(RemoteTestNG.java:251)
at org.testng.remote.RemoteTestNG.main(RemoteTestNG.java:77)
]]>
            </full-stacktrace>
          </exception> <!-- java.lang.AssertionError -->
          <reporter-output>
          </reporter-output>
        </test-method> <!-- VerifyUserName -->
        <test-method is-config="true" signature="LogoutFromApp(org.testng.ITestResult)[pri:0, instance:Module1_Test.Adactin_TestClass@7fa98a66]" started-at="2023-09-17T08:22:43 IST" name="LogoutFromApp" finished-at="2023-09-17T08:22:45 IST" duration-ms="1254" status="PASS">
          <params>
            <param index="0">
              <value>
                <![CDATA[[TestResult name=VerifyUserName status=FAILURE method=Adactin_TestClass.VerifyUserName()[pri:1, instance:Module1_Test.Adactin_TestClass@7fa98a66] output={null}]]]>
              </value>
            </param>
          </params>
          <reporter-output>
          </reporter-output>
        </test-method> <!-- LogoutFromApp -->
        <test-method is-config="true" signature="LoginToAPP()[pri:0, instance:Module1_Test.Adactin_TestClass@7fa98a66]" started-at="2023-09-17T08:22:45 IST" name="LoginToAPP" finished-at="2023-09-17T08:22:45 IST" duration-ms="538" status="PASS">
          <reporter-output>
          </reporter-output>
        </test-method> <!-- LoginToAPP -->
        <test-method signature="GetTitleofApp()[pri:2, instance:Module1_Test.Adactin_TestClass@7fa98a66]" started-at="2023-09-17T08:22:45 IST" name="GetTitleofApp" finished-at="2023-09-17T08:22:45 IST" duration-ms="233" status="PASS">
          <reporter-output>
          </reporter-output>
        </test-method> <!-- GetTitleofApp -->
        <test-method is-config="true" signature="LogoutFromApp(org.testng.ITestResult)[pri:0, instance:Module1_Test.Adactin_TestClass@7fa98a66]" started-at="2023-09-17T08:22:45 IST" name="LogoutFromApp" finished-at="2023-09-17T08:22:46 IST" duration-ms="747" status="PASS">
          <params>
            <param index="0">
              <value>
                <![CDATA[[TestResult name=GetTitleofApp status=SUCCESS method=Adactin_TestClass.GetTitleofApp()[pri:2, instance:Module1_Test.Adactin_TestClass@7fa98a66] output={null}]]]>
              </value>
            </param>
          </params>
          <reporter-output>
          </reporter-output>
        </test-method> <!-- LogoutFromApp -->
        <test-method is-config="true" signature="LoginToAPP()[pri:0, instance:Module1_Test.Adactin_TestClass@7fa98a66]" started-at="2023-09-17T08:22:46 IST" name="LoginToAPP" finished-at="2023-09-17T08:22:47 IST" duration-ms="604" status="PASS">
          <reporter-output>
          </reporter-output>
        </test-method> <!-- LoginToAPP -->
        <test-method signature="BookAHotel()[pri:3, instance:Module1_Test.Adactin_TestClass@7fa98a66]" started-at="2023-09-17T08:22:47 IST" name="BookAHotel" finished-at="2023-09-17T08:22:50 IST" duration-ms="3278" status="PASS">
          <reporter-output>
          </reporter-output>
        </test-method> <!-- BookAHotel -->
        <test-method is-config="true" signature="LogoutFromApp(org.testng.ITestResult)[pri:0, instance:Module1_Test.Adactin_TestClass@7fa98a66]" started-at="2023-09-17T08:22:50 IST" name="LogoutFromApp" finished-at="2023-09-17T08:22:51 IST" duration-ms="652" status="PASS">
          <params>
            <param index="0">
              <value>
                <![CDATA[[TestResult name=BookAHotel status=SUCCESS method=Adactin_TestClass.BookAHotel()[pri:3, instance:Module1_Test.Adactin_TestClass@7fa98a66] output={null}]]]>
              </value>
            </param>
          </params>
          <reporter-output>
          </reporter-output>
        </test-method> <!-- LogoutFromApp -->
        <test-method is-config="true" signature="CloseBrowser()[pri:0, instance:Module1_Test.Adactin_TestClass@7fa98a66]" started-at="2023-09-17T08:22:51 IST" name="CloseBrowser" finished-at="2023-09-17T08:22:51 IST" duration-ms="201" status="PASS">
          <reporter-output>
          </reporter-output>
        </test-method> <!-- CloseBrowser -->
      </class> <!-- Module1_Test.Adactin_TestClass -->
    </test> <!-- Default test -->
  </suite> <!-- Default suite -->
</testng-results>
